[0m17:04:17.033528 [debug] [MainThread]: Sending event: {'category': 'dbt', 'action': 'invocation', 'label': 'start', 'context': [<snowplow_tracker.self_describing_json.SelfDescribingJson object at 0x10b591190>, <snowplow_tracker.self_describing_json.SelfDescribingJson object at 0x10bc3ebd0>, <snowplow_tracker.self_describing_json.SelfDescribingJson object at 0x10bc3e900>]}


============================== 17:04:17.036144 | bfe95124-439a-487f-b4d2-8dadf8e55a34 ==============================
[0m17:04:17.036144 [info ] [MainThread]: Running with dbt=1.11.2
[0m17:04:17.036428 [debug] [MainThread]: running dbt with arguments {'profiles_dir': '/Users/catnys/.dbt', 'target_path': 'None', 'no_print': 'None', 'invocation_command': 'dbt init --skip-profile-setup airbnb', 'warn_error': 'None', 'quiet': 'False', 'use_colors': 'True', 'indirect_selection': 'eager', 'printer_width': '80', 'write_json': 'True', 'version_check': 'True', 'empty': 'None', 'log_format': 'default', 'log_cache_events': 'False', 'partial_parse': 'True', 'debug': 'False', 'warn_error_options': 'WarnErrorOptionsV2(error=[], warn=[], silence=[])', 'use_experimental_parser': 'False', 'cache_selected_only': 'False', 'fail_fast': 'False', 'static_parser': 'True', 'send_anonymous_usage_stats': 'True', 'log_path': 'logs', 'introspect': 'True'}
[0m17:04:17.065122 [info ] [MainThread]: Creating dbt configuration folder at /Users/catnys/.dbt
[0m17:04:17.066174 [debug] [MainThread]: Starter project path: /Users/catnys/Documents/github/dbt4every1/.venv/lib/python3.12/site-packages/dbt/include/starter_project
[0m17:04:17.070084 [info ] [MainThread]: 
Your new dbt project "airbnb" was created!

For more information on how to configure the profiles.yml file,
please consult the dbt documentation here:

  https://docs.getdbt.com/docs/configure-your-profile

One more thing:

Need help? Don't hesitate to reach out to us via GitHub issues or on Slack:

  https://community.getdbt.com/

Happy modeling!

[0m17:04:17.072120 [debug] [MainThread]: Resource report: {"command_name": "init", "command_success": true, "command_wall_clock_time": 0.07575475, "process_in_blocks": "0", "process_kernel_time": 0.100041, "process_mem_max_rss": "113033216", "process_out_blocks": "0", "process_user_time": 0.607801}
[0m17:04:17.072400 [debug] [MainThread]: Command `dbt init` succeeded at 17:04:17.072351 after 0.08 seconds
[0m17:04:17.072567 [debug] [MainThread]: Sending event: {'category': 'dbt', 'action': 'invocation', 'label': 'end', 'context': [<snowplow_tracker.self_describing_json.SelfDescribingJson object at 0x102b62cf0>, <snowplow_tracker.self_describing_json.SelfDescribingJson object at 0x10b6d2630>, <snowplow_tracker.self_describing_json.SelfDescribingJson object at 0x10b9a4170>]}
[0m17:04:17.072739 [debug] [MainThread]: Flushing usage events
[0m17:04:17.875775 [debug] [MainThread]: An error was encountered while trying to flush usage events
[0m17:05:34.358830 [debug] [MainThread]: Sending event: {'category': 'dbt', 'action': 'invocation', 'label': 'start', 'context': [<snowplow_tracker.self_describing_json.SelfDescribingJson object at 0x10ae931d0>, <snowplow_tracker.self_describing_json.SelfDescribingJson object at 0x10da6a9c0>, <snowplow_tracker.self_describing_json.SelfDescribingJson object at 0x10da6a750>]}


============================== 17:05:34.361309 | bcf90225-dd3e-404c-9ee9-f17d2a3f756b ==============================
[0m17:05:34.361309 [info ] [MainThread]: Running with dbt=1.11.2
[0m17:05:34.361581 [debug] [MainThread]: running dbt with arguments {'fail_fast': 'False', 'no_print': 'None', 'write_json': 'True', 'target_path': 'None', 'send_anonymous_usage_stats': 'True', 'printer_width': '80', 'quiet': 'False', 'introspect': 'True', 'log_format': 'default', 'cache_selected_only': 'False', 'warn_error': 'None', 'profiles_dir': '/Users/catnys/Documents/github/dbt4every1', 'indirect_selection': 'eager', 'use_experimental_parser': 'False', 'use_colors': 'True', 'warn_error_options': 'WarnErrorOptionsV2(error=[], warn=[], silence=[])', 'invocation_command': 'dbt debug', 'log_cache_events': 'False', 'version_check': 'True', 'empty': 'None', 'debug': 'False', 'partial_parse': 'True', 'static_parser': 'True', 'log_path': 'logs'}
[0m17:05:34.371441 [info ] [MainThread]: dbt version: 1.11.2
[0m17:05:34.371629 [info ] [MainThread]: python version: 3.12.12
[0m17:05:34.371746 [info ] [MainThread]: python path: /Users/catnys/Documents/github/dbt4every1/.venv/bin/python
[0m17:05:34.371858 [info ] [MainThread]: os info: macOS-26.2-arm64-arm-64bit
[0m17:05:34.509538 [debug] [MainThread]: Snowflake adapter: Setting snowflake.connector to ERROR (file logging only)
[0m17:05:34.509796 [debug] [MainThread]: Snowflake adapter: Setting botocore to ERROR (file logging only)
[0m17:05:34.509933 [debug] [MainThread]: Snowflake adapter: Setting boto3 to ERROR (file logging only)
[0m17:05:34.538372 [info ] [MainThread]: Using profiles dir at /Users/catnys/Documents/github/dbt4every1
[0m17:05:34.538617 [info ] [MainThread]: Using profiles.yml file at /Users/catnys/Documents/github/dbt4every1/profiles.yml
[0m17:05:34.538744 [info ] [MainThread]: Using dbt_project.yml file at /Users/catnys/Documents/github/dbt4every1/dbt_project.yml
[0m17:05:34.539056 [info ] [MainThread]: adapter type: snowflake
[0m17:05:34.539180 [info ] [MainThread]: adapter version: 1.11.1
[0m17:05:34.539305 [info ] [MainThread]: Configuration:
[0m17:05:34.539415 [info ] [MainThread]:   profiles.yml file [[32mOK found and valid[0m]
[0m17:05:34.539521 [info ] [MainThread]:   dbt_project.yml file [[31mERROR not found[0m]
[0m17:05:34.539620 [info ] [MainThread]: Required dependencies:
[0m17:05:34.539756 [debug] [MainThread]: Executing "git --help"
[0m17:05:34.546488 [debug] [MainThread]: STDOUT: "b"usage: git [-v | --version] [-h | --help] [-C <path>] [-c <name>=<value>]\n           [--exec-path[=<path>]] [--html-path] [--man-path] [--info-path]\n           [-p | --paginate | -P | --no-pager] [--no-replace-objects] [--no-lazy-fetch]\n           [--no-optional-locks] [--no-advice] [--bare] [--git-dir=<path>]\n           [--work-tree=<path>] [--namespace=<name>] [--config-env=<name>=<envvar>]\n           <command> [<args>]\n\nThese are common Git commands used in various situations:\n\nstart a working area (see also: git help tutorial)\n   clone      Clone a repository into a new directory\n   init       Create an empty Git repository or reinitialize an existing one\n\nwork on the current change (see also: git help everyday)\n   add        Add file contents to the index\n   mv         Move or rename a file, a directory, or a symlink\n   restore    Restore working tree files\n   rm         Remove files from the working tree and from the index\n\nexamine the history and state (see also: git help revisions)\n   bisect     Use binary search to find the commit that introduced a bug\n   diff       Show changes between commits, commit and working tree, etc\n   grep       Print lines matching a pattern\n   log        Show commit logs\n   show       Show various types of objects\n   status     Show the working tree status\n\ngrow, mark and tweak your common history\n   backfill   Download missing objects in a partial clone\n   branch     List, create, or delete branches\n   commit     Record changes to the repository\n   merge      Join two or more development histories together\n   rebase     Reapply commits on top of another base tip\n   reset      Reset current HEAD to the specified state\n   switch     Switch branches\n   tag        Create, list, delete or verify tags\n\ncollaborate (see also: git help workflows)\n   fetch      Download objects and refs from another repository\n   pull       Fetch from and integrate with another repository or a local branch\n   push       Update remote refs along with associated objects\n\n'git help -a' and 'git help -g' list available subcommands and some\nconcept guides. See 'git help <command>' or 'git help <concept>'\nto read about a specific subcommand or concept.\nSee 'git help git' for an overview of the system.\n""
[0m17:05:34.547002 [debug] [MainThread]: STDERR: "b''"
[0m17:05:34.547171 [info ] [MainThread]:  - git [[32mOK found[0m]

[0m17:05:34.547339 [info ] [MainThread]: Connection:
[0m17:05:34.547500 [info ] [MainThread]:   account: cgepcxy-xh57146
[0m17:05:34.547610 [info ] [MainThread]:   user: dbt
[0m17:05:34.547715 [info ] [MainThread]:   database: AIRBNB
[0m17:05:34.547817 [info ] [MainThread]:   warehouse: COMPUTE_WH
[0m17:05:34.547918 [info ] [MainThread]:   role: TRANSFORM
[0m17:05:34.548017 [info ] [MainThread]:   schema: DEV
[0m17:05:34.548116 [info ] [MainThread]:   authenticator: None
[0m17:05:34.548214 [info ] [MainThread]:   oauth_client_id: None
[0m17:05:34.548313 [info ] [MainThread]:   query_tag: None
[0m17:05:34.548414 [info ] [MainThread]:   client_session_keep_alive: False
[0m17:05:34.548512 [info ] [MainThread]:   host: None
[0m17:05:34.548610 [info ] [MainThread]:   port: None
[0m17:05:34.548707 [info ] [MainThread]:   proxy_host: None
[0m17:05:34.548807 [info ] [MainThread]:   proxy_port: None
[0m17:05:34.548903 [info ] [MainThread]:   protocol: None
[0m17:05:34.548999 [info ] [MainThread]:   connect_retries: 1
[0m17:05:34.549092 [info ] [MainThread]:   connect_timeout: None
[0m17:05:34.549188 [info ] [MainThread]:   retry_on_database_errors: False
[0m17:05:34.549283 [info ] [MainThread]:   retry_all: False
[0m17:05:34.549379 [info ] [MainThread]:   insecure_mode: False
[0m17:05:34.549474 [info ] [MainThread]:   reuse_connections: True
[0m17:05:34.549573 [info ] [MainThread]:   s3_stage_vpce_dns_name: None
[0m17:05:34.549669 [info ] [MainThread]:   platform_detection_timeout_seconds: 0.0
[0m17:05:34.550046 [info ] [MainThread]: Registered adapter: snowflake=1.11.1
[0m17:05:34.607517 [debug] [MainThread]: Acquiring new snowflake connection 'debug'
[0m17:05:34.663430 [debug] [MainThread]: Using snowflake connection "debug"
[0m17:05:34.663590 [debug] [MainThread]: On debug: select 1 as id
[0m17:05:34.663692 [debug] [MainThread]: Opening a new connection, currently in state init
[0m17:05:36.227274 [debug] [MainThread]: SQL status: SUCCESS 1 in 1.563 seconds
[0m17:05:36.229759 [info ] [MainThread]:   Connection test: [[32mOK connection ok[0m]

[0m17:05:36.230439 [info ] [MainThread]: [31m1 check failed:[0m
[0m17:05:36.230859 [info ] [MainThread]: Project loading failed for the following reason:
 project path </Users/catnys/Documents/github/dbt4every1/dbt_project.yml> not found

[0m17:05:36.237530 [debug] [MainThread]: Resource report: {"command_name": "debug", "command_success": false, "command_wall_clock_time": 1.9123356, "process_in_blocks": "0", "process_kernel_time": 0.213281, "process_mem_max_rss": "158433280", "process_out_blocks": "0", "process_user_time": 1.08386}
[0m17:05:36.238362 [debug] [MainThread]: Command `dbt debug` failed at 17:05:36.238218 after 1.91 seconds
[0m17:05:36.238910 [debug] [MainThread]: Connection 'debug' was left open.
[0m17:05:36.239276 [debug] [MainThread]: On debug: Close
[0m17:05:36.607339 [debug] [MainThread]: Sending event: {'category': 'dbt', 'action': 'invocation', 'label': 'end', 'context': [<snowplow_tracker.self_describing_json.SelfDescribingJson object at 0x1049f6c60>, <snowplow_tracker.self_describing_json.SelfDescribingJson object at 0x10e3a8440>, <snowplow_tracker.self_describing_json.SelfDescribingJson object at 0x10e410c80>]}
[0m17:05:36.607911 [debug] [MainThread]: Flushing usage events
[0m17:05:37.406949 [debug] [MainThread]: An error was encountered while trying to flush usage events
[0m17:49:50.695762 [debug] [MainThread]: Sending event: {'category': 'dbt', 'action': 'invocation', 'label': 'start', 'context': [<snowplow_tracker.self_describing_json.SelfDescribingJson object at 0x10d7a2930>, <snowplow_tracker.self_describing_json.SelfDescribingJson object at 0x10d940650>, <snowplow_tracker.self_describing_json.SelfDescribingJson object at 0x10d9403b0>]}


============================== 17:49:50.698457 | b9d33aa6-78bf-43e6-a8fe-16e45cfde06f ==============================
[0m17:49:50.698457 [info ] [MainThread]: Running with dbt=1.10.13
[0m17:49:50.698761 [debug] [MainThread]: running dbt with arguments {'no_print': 'None', 'warn_error_options': 'WarnErrorOptionsV2(error=[], warn=[], silence=[])', 'send_anonymous_usage_stats': 'True', 'empty': 'False', 'debug': 'False', 'quiet': 'False', 'log_format': 'default', 'profiles_dir': '/Users/catnys/.dbt', 'use_colors': 'True', 'log_cache_events': 'False', 'printer_width': '80', 'write_json': 'True', 'static_parser': 'True', 'partial_parse': 'True', 'indirect_selection': 'eager', 'use_experimental_parser': 'False', 'fail_fast': 'False', 'introspect': 'True', 'version_check': 'True', 'invocation_command': 'dbt run', 'log_path': 'logs', 'warn_error': 'None', 'cache_selected_only': 'False', 'target_path': 'None'}
[0m17:49:50.699049 [error] [MainThread]: Encountered an error:
Runtime Error
  No dbt_project.yml found at expected path /Users/catnys/Documents/github/dbt4every1/dbt_project.yml
  Verify that each entry within packages.yml (and their transitive dependencies) contains a file named dbt_project.yml
  
[0m17:49:50.700557 [debug] [MainThread]: Resource report: {"command_name": "run", "command_success": false, "command_wall_clock_time": 0.03547604, "process_in_blocks": "0", "process_kernel_time": 0.135933, "process_mem_max_rss": "107872256", "process_out_blocks": "0", "process_user_time": 0.598075}
[0m17:49:50.700747 [debug] [MainThread]: Command `dbt run` failed at 17:49:50.700710 after 0.04 seconds
[0m17:49:50.700880 [debug] [MainThread]: Sending event: {'category': 'dbt', 'action': 'invocation', 'label': 'end', 'context': [<snowplow_tracker.self_describing_json.SelfDescribingJson object at 0x10d940530>, <snowplow_tracker.self_describing_json.SelfDescribingJson object at 0x10d942540>, <snowplow_tracker.self_describing_json.SelfDescribingJson object at 0x10d942690>]}
[0m17:49:50.701008 [debug] [MainThread]: Flushing usage events
[0m17:49:54.538505 [debug] [MainThread]: An error was encountered while trying to flush usage events
